<?xml version="1.0" encoding="UTF-8"?>
<!-- Generated by org.testng.reporters.JUnitReportReporter -->
<testsuite hostname="Rupesh" name="Tests.RegNewPatientTest" tests="1" failures="0" timestamp="19 Jan 2011 13:35:22 GMT" time="0.032" errors="0">
  <testcase name="test" time="0.032" classname="Tests.RegNewPatientTest"/>
</testsuite>
