<?xml version="1.0" encoding="UTF-8"?>
<!-- Generated by org.testng.reporters.JUnitReportReporter -->
<testsuite hostname="Rupesh" name="Test_1" tests="1" failures="0" timestamp="19 Jan 2011 07:40:53 GMT" time="264.225" errors="0">
  <testcase name="Register_new_staff_And_Fill_TTNonPregnantForm" time="264.225" classname="Test_1"/>
</testsuite>
