<?xml version="1.0" encoding="UTF-8"?>
<!-- Generated by org.testng.reporters.JUnitReportReporter -->
<testsuite hostname="Rupesh" name="Tests.CareHistoryFormTest" tests="1" failures="0" timestamp="19 Jan 2011 12:24:55 GMT" time="0.038" errors="0">
  <testcase name="test" time="0.038" classname="Tests.CareHistoryFormTest"/>
</testsuite>
