<?xml version="1.0" encoding="UTF-8"?>
<!--

    MOTECH PLATFORM OPENSOURCE LICENSE AGREEMENT

    Copyright (c) 2010 The Trustees of Columbia University in the City of
    New York and Grameen Foundation USA.  All rights reserved.

    Redistribution and use in source and binary forms, with or without
    modification, are permitted provided that the following conditions are met:

    1. Redistributions of source code must retain the above copyright notice,
    this list of conditions and the following disclaimer.

    2. Redistributions in binary form must reproduce the above copyright notice,
    this list of conditions and the following disclaimer in the documentation
    and/or other materials provided with the distribution.

    3. Neither the name of Grameen Foundation USA, Columbia University, or
    their respective contributors may be used to endorse or promote products
    derived from this software without specific prior written permission.

    THIS SOFTWARE IS PROVIDED BY GRAMEEN FOUNDATION USA, COLUMBIA UNIVERSITY
    AND CONTRIBUTORS "AS IS" AND ANY EXPRESS OR IMPLIED WARRANTIES, INCLUDING,
    BUT NOT LIMITED TO, THE IMPLIED WARRANTIES OF MERCHANTABILITY AND FITNESS
    FOR A PARTICULAR PURPOSE ARE DISCLAIMED.  IN NO EVENT SHALL GRAMEEN FOUNDATION
    USA, COLUMBIA UNIVERSITY OR CONTRIBUTORS BE LIABLE FOR ANY DIRECT, INDIRECT,
    INCIDENTAL, SPECIAL, EXEMPLARY, OR CONSEQUENTIAL DAMAGES (INCLUDING, BUT NOT
    LIMITED TO, PROCUREMENT OF SUBSTITUTE GOODS OR SERVICES; LOSS OF USE, DATA,
    OR PROFITS; OR BUSINESS INTERRUPTION) HOWEVER CAUSED AND ON ANY THEORY OF
    LIABILITY, WHETHER IN CONTRACT, STRICT LIABILITY, OR TORT (INCLUDING
    NEGLIGENCE OR OTHERWISE) ARISING IN ANY WAY OUT OF THE USE OF THIS SOFTWARE,
    EVEN IF ADVISED OF THE POSSIBILITY OF SUCH DAMAGE.

-->

<!--

  - author Henry Sampson (henry@dreamoval.com)
  - author Joseph Djomeda (joseph@dreamoval.com)


-->
<beans xmlns="http://www.springframework.org/schema/beans"
       xmlns:xsi="http://www.w3.org/2001/XMLSchema-instance"
       xmlns:aop="http://www.springframework.org/schema/aop"
       xmlns:context="http://www.springframework.org/schema/context"
       xmlns:flow="http://www.springframework.org/schema/webflow-config"
       xmlns:jms="http://www.springframework.org/schema/jms"
       xmlns:jee="http://www.springframework.org/schema/jee"
       xmlns:lang="http://www.springframework.org/schema/lang"
       xmlns:osgi="http://www.springframework.org/schema/osgi"
       xmlns:tx="http://www.springframework.org/schema/tx"
       xmlns:util="http://www.springframework.org/schema/util"
       xmlns:p="http://www.springframework.org/schema/p"
       xsi:schemaLocation="http://www.springframework.org/schema/beans http://www.springframework.org/schema/beans/spring-beans-2.5.xsd
       http://www.springframework.org/schema/aop http://www.springframework.org/schema/aop/spring-aop-2.5.xsd
       http://www.springframework.org/schema/context http://www.springframework.org/schema/context/spring-context-2.5.xsd
       http://www.springframework.org/schema/webflow-config http://www.springframework.org/schema/webflow-config/spring-webflow-config-1.0.xsd
       http://www.springframework.org/schema/jms http://www.springframework.org/schema/jms/spring-jms-2.5.xsd
       http://www.springframework.org/schema/jee http://www.springframework.org/schema/jee/spring-jee-2.5.xsd
       http://www.springframework.org/schema/lang http://www.springframework.org/schema/lang/spring-lang-2.5.xsd
       http://www.springframework.org/schema/osgi http://www.springframework.org/schema/osgi/spring-osgi.xsd
       http://www.springframework.org/schema/tx http://www.springframework.org/schema/tx/spring-tx-2.5.xsd
       http://www.springframework.org/schema/util http://www.springframework.org/schema/util/spring-util-2.5.xsd">

    <context:annotation-config />
    <tx:annotation-driven transaction-manager="transactionManager" />

    <!--Spring specific-->
    <bean id="propertyConfigurer"
class="org.springframework.beans.factory.config.PropertyPlaceholderConfigurer">
        <property name="locations">
            <list>
                <value>classpath:hsql.hibernate.properties</value>
                <value>classpath:hsql.jdbc.properties</value>
                <value>classpath:liquibase.properties</value>
            </list>
        </property>
    </bean>

    <!-- Model -->

    <bean id="gatewayRequest" class="org.motechproject.mobile.core.model.GatewayRequestImpl" scope="prototype">
    </bean>

    <bean id="gatewayResponse" class="org.motechproject.mobile.core.model.GatewayResponseImpl" scope="prototype">
    </bean>

    <bean id="gatewayRequestDetails" class="org.motechproject.mobile.core.model.GatewayRequestDetailsImpl" scope="prototype">
    </bean>

    <bean id="messageRequest" class="org.motechproject.mobile.core.model.MessageRequestImpl" scope="prototype">
    </bean>

    <bean id="language" class="org.motechproject.mobile.core.model.LanguageImpl" scope="prototype">
    </bean>

    <bean id="messageTemplate" class="org.motechproject.mobile.core.model.MessageTemplateImpl" scope="prototype">
    </bean>
    <bean id="notificationType" class="org.motechproject.mobile.core.model.NotificationTypeImpl" scope="prototype">
    </bean>

    <bean id="incomingMessageSession" class="org.motechproject.mobile.core.model.IncomingMessageSessionImpl" scope="prototype">
    </bean>

    <bean id="incomingMessage" class="org.motechproject.mobile.core.model.IncomingMessageImpl" scope="prototype">
    </bean>

    <bean id="incomingMessageResponse" class="org.motechproject.mobile.core.model.IncomingMessageResponseImpl" scope="prototype">
    </bean>

    <bean id="incomingMessageFormDefinition" class="org.motechproject.mobile.core.model.IncomingMessageFormDefinitionImpl" scope="prototype">
    </bean>

    <bean id="incomingMessageFormParameterDefinition" class="org.motechproject.mobile.core.model.IncomingMessageFormParameterDefinitionImpl" scope="prototype">
    </bean>

    <bean id="incomingMessageForm" class="org.motechproject.mobile.core.model.IncomingMessageFormImpl" scope="prototype">
    </bean>

    <bean id="incomingMessageFormParameter" class="org.motechproject.mobile.core.model.IncomingMessageFormParameterImpl" scope="prototype">
    </bean>


    <!-- End of Model-->

    <!-- Data Access -->
    <bean id="dataSource" class="org.springframework.jdbc.datasource.DriverManagerDataSource">
        <property name="driverClassName" value="${jdbc.driverClassName}" />
        <property name="url" value="${jdbc.url}"/>
        <property name="username" value="${jdbc.username}"/>
        <property name="password" value="${jdbc.password}"/>
    </bean>

    <bean id="sessionFactory" class="org.springframework.orm.hibernate3.LocalSessionFactoryBean">
        <property name="dataSource" ref="dataSource" />
        <property name="hibernateProperties">
            <props>
                <prop key="hibernate.dialect">${hibernate.dialect}</prop>
                <prop key="hibernate.show_sql">${hibernate.show_sql}</prop>
            </props>
        </property>
        <property name="mappingResources">
            <list>
                <value>org/motechproject/mobile/core/model/GatewayRequest.hbm.xml</value>
                <value>org/motechproject/mobile/core/model/GatewayResponse.hbm.xml</value>
                <value>org/motechproject/mobile/core/model/GatewayRequestDetails.hbm.xml</value>
                <value>org/motechproject/mobile/core/model/MessageRequest.hbm.xml</value>
                <value>org/motechproject/mobile/core/model/Language.hbm.xml</value>
                <value>org/motechproject/mobile/core/model/MessageTemplate.hbm.xml</value>
                <value>org/motechproject/mobile/core/model/NotificationType.hbm.xml</value>
                <value>org/motechproject/mobile/core/model/IncomingMessageSession.hbm.xml</value>
                <value>org/motechproject/mobile/core/model/IncomingMessage.hbm.xml</value>
                <value>org/motechproject/mobile/core/model/IncomingMessageResponse.hbm.xml</value>
                <value>org/motechproject/mobile/core/model/IncomingMessageFormDefinition.hbm.xml</value>
                <value>org/motechproject/mobile/core/model/IncomingMessageFormParameterDefinition.hbm.xml</value>
                <value>org/motechproject/mobile/core/model/IncomingMessageForm.hbm.xml</value>
                <value>org/motechproject/mobile/core/model/IncomingMessageFormParameter.hbm.xml</value>
            </list>
        </property>
    </bean>


<!-- Liquibase Settings   -->
    <bean id="liquibase" class="liquibase.spring.SpringLiquibase">
        <property name="dataSource" ref="dataSource" />
        <property name="changeLog" value="${changeLogFile}" />
        <property name="contexts" value="${contexts}" />
    </bean>

<!--  End of liquibase settings  -->
    <bean id="gatewayRequestDAO" class="org.motechproject.mobile.core.dao.hibernate.GatewayRequestDAOImpl" scope="prototype">
        <property name="sessionFactory" ref="sessionFactory"/>
    </bean>

    <bean id="gatewayResponseDAO" class="org.motechproject.mobile.core.dao.hibernate.GatewayResponseDAOImpl" scope="prototype">
        <property name="sessionFactory" ref="sessionFactory"/>
    </bean>

    <bean id="messageRequestDAO" class="org.motechproject.mobile.core.dao.hibernate.MessageRequestDAOImpl" scope="prototype">
        <property name="sessionFactory" ref="sessionFactory"/>
    </bean>

    <bean id="languageDAO" class="org.motechproject.mobile.core.dao.hibernate.LanguageDAOImpl" scope="prototype">
        <property name="sessionFactory" ref="sessionFactory"/>
    </bean>
    <bean id="messageTemplateDAO" class="org.motechproject.mobile.core.dao.hibernate.MessageTemplateDAOImpl" scope="prototype">
        <property name="sessionFactory" ref="sessionFactory"/>
    </bean>

    <bean id="notificationTypeDAO" class="org.motechproject.mobile.core.dao.hibernate.NotificationTypeDAOImpl" scope="prototype">
        <property name="sessionFactory" ref="sessionFactory"/>
    </bean>

    <bean id="gatewayRequestDetailsDAO" class="org.motechproject.mobile.core.dao.hibernate.GatewayRequestDetailsDAOImpl" scope="prototype">
        <property name="sessionFactory" ref="sessionFactory"/>
    </bean>


    <bean id="incomingMessageSessionDAO" class="org.motechproject.mobile.model.dao.hibernate.imp.IncomingMessageSessionDAOImpl" scope="prototype">
        <property name="sessionFactory" ref="sessionFactory"/>
    </bean>

    <bean id="incomingMessageDAO" class="org.motechproject.mobile.model.dao.hibernate.imp.IncomingMessageDAOImpl" scope="prototype">
        <property name="sessionFactory" ref="sessionFactory"/>
    </bean>

    <bean id="incomingMessageResponseDAO" class="org.motechproject.mobile.model.dao.hibernate.imp.IncomingMessageResponseDAOImpl" scope="prototype">
        <property name="sessionFactory" ref="sessionFactory"/>
    </bean>

    <bean id="incomingMessageFormDefinitionDAO" class="org.motechproject.mobile.model.dao.hibernate.imp.IncomingMessageFormDefinitionDAOImpl" scope="prototype">
        <property name="sessionFactory" ref="sessionFactory"/>
    </bean>

    <bean id="incomingMessageFormParameterDefinitionDAO" class="org.motechproject.mobile.model.dao.hibernate.imp.IncomingMessageFormParameterDefinitionDAOImpl" scope="prototype">
        <property name="sessionFactory" ref="sessionFactory"/>
    </bean>

    <bean id="incomingMessageFormDAO" class="org.motechproject.mobile.model.dao.hibernate.imp.IncomingMessageFormDAOImpl" scope="prototype">
        <property name="sessionFactory" ref="sessionFactory"/>
    </bean>

    <bean id="incomingMessageFormParameterDAO" class="org.motechproject.mobile.model.dao.hibernate.imp.IncomingMessageFormParameterDAOImpl" scope="prototype">
        <property name="sessionFactory" ref="sessionFactory"/>
    </bean>
    <!-- End of Data Access-->

    <!-- Services -->


    <!-- End of Services -->

    <!-- Managers -->

    <bean id="coreManager" class="org.motechproject.mobile.core.manager.CoreManagerImpl" />
    <!-- End of Managers -->

<!-- Transaction Management    -->
    <bean id="transactionManager" class="org.springframework.orm.hibernate3.HibernateTransactionManager">
        <property name="sessionFactory" ref="sessionFactory" />
    </bean>

    <tx:advice id="motechTxAdvice" transaction-manager="transactionManager">
        <tx:attributes>
            <tx:method name="getAll" />
            <tx:method name="getBy*" />
            <tx:method name="save" />
            <tx:method name="delete" />
            <tx:method name="findByExample" />
            <tx:method name="getMostRecentResponseByMessageId" />
            <tx:method name="getMsg*" />

        </tx:attributes>
    </tx:advice>
    <aop:config>
        <aop:pointcut id="motechServiceMethods" expression="execution(* org.motechproject.mobile.core.dao.*.*(..))" />
        <aop:advisor advice-ref="motechTxAdvice" pointcut-ref="motechServiceMethods" />
    </aop:config>
<!--  Transaction Management  -->
</beans>