<beans xmlns="http://www.springframework.org/schema/beans"
	xmlns:xsi="http://www.w3.org/2001/XMLSchema-instance"
	xsi:schemaLocation="
	http://www.springframework.org/schema/beans
	http://www.springframework.org/schema/beans/spring-beans.xsd">

	<bean id="nopCommand" class="org.motech.event.impl.NopCommand" />
	<bean id="patientObsService" class="org.easymock.EasyMock" factory-method="createMock">
		<constructor-arg index="0" value="org.motech.event.PatientObsService" />
	</bean>
	<bean id="messageScheduler" class="org.easymock.EasyMock" factory-method="createMock">
		<constructor-arg index="0" value="org.motech.messaging.MessageScheduler" />
	</bean>
	
</beans>