<beans xmlns="http://www.springframework.org/schema/beans"
	xmlns:xsi="http://www.w3.org/2001/XMLSchema-instance"
	xsi:schemaLocation="
	http://www.springframework.org/schema/beans
	http://www.springframework.org/schema/beans/spring-beans.xsd">

	<bean class="org.springframework.remoting.jaxws.SimpleJaxWsServiceExporter">
		<property name="baseAddress" value="http://localhost:8080/openmrs/ws/" />
	</bean>

	<bean id="registrarService" class="org.motech.ws.RegistrarWebService" />

</beans>