<beans xmlns="http://www.springframework.org/schema/beans"
	xmlns:xsi="http://www.w3.org/2001/XMLSchema-instance"
	xsi:schemaLocation="
	http://www.springframework.org/schema/beans
	http://www.springframework.org/schema/beans/spring-beans.xsd">

	<bean class="org.springframework.remoting.jaxws.SimpleJaxWsServiceExporter">
		<property name="baseAddress" value="http://localhost:8880/openmrs/ws/" />
	</bean>

	<bean id="registrarService" class="org.motechproject.server.ws.RegistrarWebService" />

	<bean id="registrarClient"
		class="org.springframework.remoting.jaxws.JaxWsPortProxyFactoryBean">
		<property name="serviceInterface" value="org.motechproject.ws.server.RegistrarService" />
		<property name="wsdlDocumentUrl"
			value="http://localhost:8880/openmrs/ws/RegistrarService?wsdl" />
		<property name="namespaceUri" value="http://server.ws.motechproject.org/" />
		<property name="serviceName" value="RegistrarWebServiceService" />
		<property name="portName" value="RegistrarWebServicePort" />
		<property name="lookupServiceOnStartup" value="false" />
	</bean>

</beans>